0 info it worked if it ends with ok
1 verbose cli [ '/usr/bin/node', '/usr/bin/npm', 'install' ]
2 info using npm@2.11.3
3 info using node@v0.12.7
4 verbose node symlink /usr/bin/node
5 verbose readDependencies loading dependencies from /home/rohan/MEAD edX/chapter-1/3-examples/package.json
6 warn package.json @ No description
7 warn package.json @ No repository field.
8 warn package.json @ No README data
9 warn package.json @ No license field.
10 verbose install where, deps [ '/home/rohan/MEAD edX/chapter-1/3-examples', [ 'mongodb' ] ]
11 verbose install where, peers [ '/home/rohan/MEAD edX/chapter-1/3-examples', [] ]
12 verbose installManyTop reading for lifecycle /home/rohan/MEAD edX/chapter-1/3-examples/package.json
13 info preinstall @
14 verbose readDependencies loading dependencies from /home/rohan/MEAD edX/chapter-1/3-examples/package.json
15 silly cache add args [ 'mongodb@2.0.35', null ]
16 verbose cache add spec mongodb@2.0.35
17 silly cache add parsed spec { raw: 'mongodb@2.0.35',
17 silly cache add   scope: null,
17 silly cache add   name: 'mongodb',
17 silly cache add   rawSpec: '2.0.35',
17 silly cache add   spec: '2.0.35',
17 silly cache add   type: 'version' }
18 silly addNamed mongodb@2.0.35
19 verbose addNamed "2.0.35" is a plain semver version for mongodb
20 silly mapToRegistry name mongodb
21 silly mapToRegistry using default registry
22 silly mapToRegistry registry https://registry.npmjs.org/
23 silly mapToRegistry uri https://registry.npmjs.org/mongodb
24 verbose addNameVersion registry:https://registry.npmjs.org/mongodb not in flight; fetching
25 verbose request uri https://registry.npmjs.org/mongodb
26 verbose request no auth needed
27 info attempt registry request try #1 at 6:00:14 PM
28 verbose request id b20c73670af9411c
29 http request GET https://registry.npmjs.org/mongodb
30 http 200 https://registry.npmjs.org/mongodb
31 silly get cb [ 200,
31 silly get   { server: 'CouchDB/1.5.0 (Erlang OTP/R16B03)',
31 silly get     etag: '"51CL7EOABNR96ASQG1TVIZX2Z"',
31 silly get     'content-type': 'application/json',
31 silly get     'content-encoding': 'gzip',
31 silly get     'cache-control': 'max-age=300',
31 silly get     'content-length': '44580',
31 silly get     'accept-ranges': 'bytes',
31 silly get     date: 'Sun, 22 May 2016 22:00:15 GMT',
31 silly get     via: '1.1 varnish',
31 silly get     age: '90',
31 silly get     connection: 'keep-alive',
31 silly get     'x-served-by': 'cache-atl6246-ATL',
31 silly get     'x-cache': 'HIT',
31 silly get     'x-cache-hits': '1',
31 silly get     'x-timer': 'S1463954415.190218,VS0,VE0',
31 silly get     vary: 'Accept-Encoding' } ]
32 verbose get saving mongodb to /home/rohan/.npm/registry.npmjs.org/mongodb/.cache.json
33 silly mapToRegistry name mongodb
34 silly mapToRegistry using default registry
35 silly mapToRegistry registry https://registry.npmjs.org/
36 silly mapToRegistry uri https://registry.npmjs.org/mongodb
37 verbose addRemoteTarball https://registry.npmjs.org/mongodb/-/mongodb-2.0.35.tgz not in flight; adding
38 verbose addRemoteTarball [ 'https://registry.npmjs.org/mongodb/-/mongodb-2.0.35.tgz',
38 verbose addRemoteTarball   '077bdbe50ac935c776f2504ca7e1d72bbdcfd37b' ]
39 info retry fetch attempt 1 at 6:00:15 PM
40 info attempt registry request try #1 at 6:00:15 PM
41 http fetch GET https://registry.npmjs.org/mongodb/-/mongodb-2.0.35.tgz
42 http fetch 200 https://registry.npmjs.org/mongodb/-/mongodb-2.0.35.tgz
43 silly fetchAndShaCheck shasum 077bdbe50ac935c776f2504ca7e1d72bbdcfd37b
44 verbose addTmpTarball /tmp/npm-15841-4aee1083/registry.npmjs.org/mongodb/-/mongodb-2.0.35.tgz not in flight; adding
45 verbose addTmpTarball already have metadata; skipping unpack for mongodb@2.0.35
46 silly cache afterAdd mongodb@2.0.35
47 verbose afterAdd /home/rohan/.npm/mongodb/2.0.35/package/package.json not in flight; writing
48 verbose afterAdd /home/rohan/.npm/mongodb/2.0.35/package/package.json written
49 silly install resolved [ { name: 'mongodb',
49 silly install resolved     version: '2.0.35',
49 silly install resolved     description: 'MongoDB legacy driver emulation layer on top of mongodb-core',
49 silly install resolved     main: 'index.js',
49 silly install resolved     repository:
49 silly install resolved      { type: 'git',
49 silly install resolved        url: 'git@github.com:mongodb/node-mongodb-native.git' },
49 silly install resolved     keywords: [ 'mongodb', 'driver', 'legacy' ],
49 silly install resolved     dependencies: { 'mongodb-core': '1.2.2', 'readable-stream': '1.0.31' },
49 silly install resolved     devDependencies:
49 silly install resolved      { integra: '0.1.8',
49 silly install resolved        optimist: '0.6.1',
49 silly install resolved        bson: '~0.4',
49 silly install resolved        jsdoc: '3.3.0-beta3',
49 silly install resolved        semver: '4.1.0',
49 silly install resolved        rimraf: '2.2.6',
49 silly install resolved        gleak: '0.5.0',
49 silly install resolved        'mongodb-version-manager': '^0.7.1',
49 silly install resolved        'mongodb-tools': '~1.0' },
49 silly install resolved     author: { name: 'Christian Kvalheim' },
49 silly install resolved     license: 'Apache-2.0',
49 silly install resolved     bugs: { url: 'https://github.com/mongodb/node-mongodb-native/issues' },
49 silly install resolved     scripts: { test: 'node test/runner.js -t functional' },
49 silly install resolved     homepage: 'https://github.com/mongodb/node-mongodb-native',
49 silly install resolved     gitHead: '3631ae10441b1ebffc6b629347df65b14e7affc8',
49 silly install resolved     _id: 'mongodb@2.0.35',
49 silly install resolved     _shasum: '077bdbe50ac935c776f2504ca7e1d72bbdcfd37b',
49 silly install resolved     _from: 'mongodb@2.0.35',
49 silly install resolved     _npmVersion: '2.11.1',
49 silly install resolved     _nodeVersion: '2.3.0',
49 silly install resolved     _npmUser: { name: 'christkv', email: 'christkv@gmail.com' },
49 silly install resolved     maintainers: [ [Object] ],
49 silly install resolved     dist:
49 silly install resolved      { shasum: '077bdbe50ac935c776f2504ca7e1d72bbdcfd37b',
49 silly install resolved        tarball: 'https://registry.npmjs.org/mongodb/-/mongodb-2.0.35.tgz' },
49 silly install resolved     directories: {},
49 silly install resolved     _resolved: 'https://registry.npmjs.org/mongodb/-/mongodb-2.0.35.tgz' } ]
50 info install mongodb@2.0.35 into /home/rohan/MEAD edX/chapter-1/3-examples
51 info installOne mongodb@2.0.35
52 verbose installOne of mongodb to /home/rohan/MEAD edX/chapter-1/3-examples not in flight; installing
53 warn locking Error: EACCES, open '/home/rohan/.npm/_locks/mongodb-fa702f11f84ddda8.lock'
53 warn locking     at Error (native)
53 warn locking  /home/rohan/.npm/_locks/mongodb-fa702f11f84ddda8.lock failed { [Error: EACCES, open '/home/rohan/.npm/_locks/mongodb-fa702f11f84ddda8.lock']
53 warn locking   errno: -13,
53 warn locking   code: 'EACCES',
53 warn locking   path: '/home/rohan/.npm/_locks/mongodb-fa702f11f84ddda8.lock' }
54 verbose stack Error: Attempt to unlock /home/rohan/MEAD edX/chapter-1/3-examples/node_modules/mongodb, which hasn't been locked
54 verbose stack     at unlock (/usr/local/lib/node_modules/npm/lib/utils/locker.js:66:11)
54 verbose stack     at cb (/usr/local/lib/node_modules/npm/lib/install.js:1017:5)
54 verbose stack     at /usr/local/lib/node_modules/npm/lib/install.js:1021:20
54 verbose stack     at /usr/local/lib/node_modules/npm/lib/utils/locker.js:40:9
54 verbose stack     at cb (/usr/local/lib/node_modules/npm/node_modules/lockfile/lockfile.js:149:38)
54 verbose stack     at /usr/local/lib/node_modules/npm/node_modules/lockfile/lockfile.js:177:38
54 verbose stack     at FSReqWrap.oncomplete (fs.js:95:15)
55 verbose cwd /home/rohan/MEAD edX/chapter-1/3-examples
56 error Linux 3.19.0-25-generic
57 error argv "/usr/bin/node" "/usr/bin/npm" "install"
58 error node v0.12.7
59 error npm  v2.11.3
60 error Attempt to unlock /home/rohan/MEAD edX/chapter-1/3-examples/node_modules/mongodb, which hasn't been locked
61 error If you need help, you may report this error at:
61 error     <https://github.com/npm/npm/issues>
62 verbose exit [ 1, true ]
